2021-08-13 01:31:15,123 STARTED #15812
2021-08-13 01:31:15,123 WORKING #15812
2021-08-13 01:31:16,127 WORKING #15812
2021-08-13 01:31:17,128 WORKING #15812
2021-08-13 01:31:18,143 WORKING #15812
2021-08-13 01:31:19,157 WORKING #15812
2021-08-13 01:31:20,171 STOPPED #15812
2023-08-02 13:02:05,609 STARTED #12680
2023-08-02 13:02:05,610 WORKING #12680
2023-08-02 13:02:06,622 WORKING #12680
2023-08-02 13:02:07,633 WORKING #12680
2023-08-02 13:02:08,647 WORKING #12680
2023-08-02 13:02:09,649 WORKING #12680
2023-08-02 13:02:10,665 STOPPED #12680
2023-08-02 14:35:09,839 STARTED #14816
2023-08-02 14:35:09,840 WORKING #14816
2023-08-02 14:35:10,845 WORKING #14816
2023-08-02 14:35:11,859 WORKING #14816
2023-08-02 14:35:12,873 WORKING #14816
2023-08-02 14:35:13,884 WORKING #14816
2023-08-02 14:35:14,899 STOPPED #14816
2023-08-02 16:56:06,916 STARTED #15936
2023-08-02 16:56:06,916 WORKING #15936
2023-08-02 16:56:07,925 WORKING #15936
2023-08-02 16:56:08,935 WORKING #15936
2023-08-02 16:56:09,944 WORKING #15936
2023-08-02 16:56:10,959 WORKING #15936
2023-08-02 16:56:11,969 STOPPED #15936
2023-08-02 17:37:01,050 JobThreadLog STARTED #12144
2023-08-02 17:37:01,050 JobThreadLog WORKING #12144
2023-08-02 17:37:02,059 JobThreadLog WORKING #12144
2023-08-02 17:37:03,066 JobThreadLog WORKING #12144
2023-08-02 17:37:04,080 JobThreadLog WORKING #12144
2023-08-02 17:37:05,088 JobThreadLog WORKING #12144
2023-08-02 17:37:06,089 JobThreadLog STOPPED #12144
